\BOOKMARK [1][]{toc.1}{Inhaltsverzeichnis}{}% 1
\BOOKMARK [0][]{chapter.1}{1 Einf\374hrung}{}% 2
\BOOKMARK [1][]{section.1.1}{1.1 Motivation}{chapter.1}% 3
\BOOKMARK [1][]{section.1.2}{1.2 Problembeschreibung}{chapter.1}% 4
\BOOKMARK [1][]{section.1.3}{1.3 Ziele dieser Arbeit}{chapter.1}% 5
\BOOKMARK [1][]{section.1.4}{1.4 Abgrenzung}{chapter.1}% 6
\BOOKMARK [1][]{section.1.5}{1.5 Vorgehensweise}{chapter.1}% 7
\BOOKMARK [1][]{section.1.6}{1.6 Struktur der Arbeit}{chapter.1}% 8
\BOOKMARK [0][]{chapter.2}{2 Hintergrund}{}% 9
\BOOKMARK [0][]{chapter.3}{3 Konzept}{}% 10
\BOOKMARK [0][]{chapter.4}{4 Realisierung}{}% 11
\BOOKMARK [0][]{chapter.5}{5 Zusammenfassung}{}% 12
\BOOKMARK [1][]{section.5.1}{5.1 Fazit}{chapter.5}% 13
\BOOKMARK [1][]{section.5.2}{5.2 Auswertung}{chapter.5}% 14
\BOOKMARK [1][]{section.5.3}{5.3 Weitere Ans\344tze}{chapter.5}% 15
\BOOKMARK [1][]{section.5.4}{5.4 N\344chste Schritte}{chapter.5}% 16
\BOOKMARK [1][]{section.5.5}{5.5 Ausblick}{chapter.5}% 17
\BOOKMARK [0][]{chapter*.3}{Literaturverzeichnis}{}% 18
\BOOKMARK [0][]{chapter*.3}{Abk\374rzungsverzeichnis}{}% 19
\BOOKMARK [0][]{chapter*.4}{Abbildungsverzeichnis}{}% 20
\BOOKMARK [0][]{chapter*.5}{Tabellenverzeichnis}{}% 21
\BOOKMARK [0][]{chapter*.6}{Listings}{}% 22
\BOOKMARK [0][]{appendix.A}{A Anhang 1}{}% 23
\BOOKMARK [0][]{appendix.B}{B Anhang 2}{}% 24
